<?xml version="1.0" encoding="UTF-8"?>
<!-- Generated by org.testng.reporters.JUnitXMLReporter -->
<testsuite ignored="2" hostname="LAPTOP-CFNR1QK5" failures="0" tests="1" name="Default test" time="14.382" errors="0" timestamp="2024-05-19T17:52:07 IST">
  <testcase classname="TestCases.LoginTestCase" name="VerifyLoginEmptyData" time="3.341"/>
  <testcase classname="TestCases.LoginTestCase" name="VerifyLoginInValidData" time="0.0">
    <ignored/>
  </testcase> <!-- VerifyLoginInValidData -->
  <testcase classname="TestCases.LoginTestCase" name="VerifyLoginValidData" time="0.0">
    <ignored/>
  </testcase> <!-- VerifyLoginValidData -->
</testsuite> <!-- Default test -->
