<?xml version="1.0" encoding="UTF-8"?>
<!-- Generated by org.testng.reporters.JUnitXMLReporter -->
<testsuite ignored="8" hostname="LAPTOP-CFNR1QK5" failures="1" tests="3" name="Test" time="30.157" errors="0" timestamp="2024-05-22T12:02:39 IST">
  <testcase classname="TestCases.RegisterTest" name="VerifyRegsiterValidData" time="2.966"/>
  <testcase classname="TestCases.LoginTestCase" name="VerifyLoginValidData" time="2.281"/>
  <testcase classname="TestCases.ProductSelectTestcase" name="SelectingProduct" time="0.005">
    <failure type="java.lang.NullPointerException" message="Cannot invoke &amp;quot;org.openqa.selenium.WebDriver.findElement(org.openqa.selenium.By)&amp;quot; because &amp;quot;this.driver&amp;quot; is null">
      <![CDATA[java.lang.NullPointerException: Cannot invoke "org.openqa.selenium.WebDriver.findElement(org.openqa.selenium.By)" because "this.driver" is null
at PageObjectModel.ProductPageObject.clickOnComponents(ProductPageObject.java:13)
at TestCases.ProductSelectTestcase.SelectingProduct(ProductSelectTestcase.java:14)
at java.base/java.util.ArrayList.forEach(ArrayList.java:1596)
... Removed 25 stack frames]]>
    </failure>
  </testcase> <!-- SelectingProduct -->
  <testcase classname="TestCases.LoginTestCase" name="VerifyLoginEmptyData" time="0.0">
    <ignored/>
  </testcase> <!-- VerifyLoginEmptyData -->
  <testcase classname="TestCases.LoginTestCase" name="VerifyLoginInValidData" time="0.0">
    <ignored/>
  </testcase> <!-- VerifyLoginInValidData -->
  <testcase classname="TestCases.RegisterTest" name="VerifyRegsiterInvalidData" time="0.0">
    <ignored/>
  </testcase> <!-- VerifyRegsiterInvalidData -->
  <testcase classname="TestCases.RegisterTest" name="VerifyRegsiterEmptyData" time="0.0">
    <ignored/>
  </testcase> <!-- VerifyRegsiterEmptyData -->
  <testcase classname="resources.BaseClass" name="@AfterSuite endReport" time="0.0">
    <ignored/>
  </testcase> <!-- @AfterSuite endReport -->
  <testcase classname="resources.BaseClass" name="@AfterSuite endReport" time="0.0">
    <ignored/>
  </testcase> <!-- @AfterSuite endReport -->
  <testcase classname="resources.BaseClass" name="@BeforeSuite ExtentReport" time="0.0">
    <ignored/>
  </testcase> <!-- @BeforeSuite ExtentReport -->
  <testcase classname="resources.BaseClass" name="@BeforeSuite ExtentReport" time="0.0">
    <ignored/>
  </testcase> <!-- @BeforeSuite ExtentReport -->
</testsuite> <!-- Test -->
