<?xml version="1.0" encoding="UTF-8"?>
<testng-results ignored="0" total="1" passed="1" failed="0" skipped="0">
  <reporter-output>
  </reporter-output>
  <suite started-at="2024-05-30T18:33:25 IST" name="Default suite" finished-at="2024-05-30T18:33:41 IST" duration-ms="15732">
    <groups>
    </groups>
    <test started-at="2024-05-30T18:33:25 IST" name="Default test" finished-at="2024-05-30T18:33:41 IST" duration-ms="15732">
      <class name="TestCases.AddToCart">
        <test-method is-config="true" signature="ExtentReport()[pri:0, instance:TestCases.AddToCart@4f18837a]" started-at="2024-05-30T18:33:25 IST" name="ExtentReport" finished-at="2024-05-30T18:33:25 IST" duration-ms="373" status="PASS">
          <reporter-output>
          </reporter-output>
        </test-method> <!-- ExtentReport -->
        <test-method is-config="true" signature="FetchUrl()[pri:0, instance:TestCases.AddToCart@4f18837a]" started-at="2024-05-30T18:33:25 IST" name="FetchUrl" finished-at="2024-05-30T18:33:33 IST" duration-ms="7577" status="PASS">
          <reporter-output>
          </reporter-output>
        </test-method> <!-- FetchUrl -->
        <test-method signature="CartDataCostComper()[pri:0, instance:TestCases.AddToCart@4f18837a]" started-at="2024-05-30T18:33:33 IST" name="CartDataCostComper" finished-at="2024-05-30T18:33:41 IST" duration-ms="8113" status="PASS">
          <reporter-output>
          </reporter-output>
        </test-method> <!-- CartDataCostComper -->
        <test-method is-config="true" signature="endReport()[pri:0, instance:TestCases.AddToCart@4f18837a]" started-at="2024-05-30T18:33:41 IST" name="endReport" finished-at="2024-05-30T18:33:42 IST" duration-ms="824" status="PASS">
          <reporter-output>
          </reporter-output>
        </test-method> <!-- endReport -->
      </class> <!-- TestCases.AddToCart -->
    </test> <!-- Default test -->
  </suite> <!-- Default suite -->
</testng-results>
